<?xml version='1.0' encoding='UTF-8'?>
<testsuite hostname="penguin" name="GradeSchoolTest" tests="7" errors="0" failures="0" skipped="0" time="0.168" timestamp="2019-02-10T14:19:48">
                     <properties>
[...]
</properties>
                     <testcase classname="GradeSchoolTest" name="empty school" time="0.123">
                                                 
                                               </testcase><testcase classname="GradeSchoolTest" name="add student" time="0.004">
                                                 
                                               </testcase><testcase classname="GradeSchoolTest" name="add more students in same class" time="0.002">
                                                 
                                               </testcase><testcase classname="GradeSchoolTest" name="add students to different grades" time="0.004">
                                                 
                                               </testcase><testcase classname="GradeSchoolTest" name="get students in a grade" time="0.005">
                                                 
                                               </testcase><testcase classname="GradeSchoolTest" name="get students in a non-existant grade" time="0.003">
                                                 
                                               </testcase><testcase classname="GradeSchoolTest" name="sort school" time="0.027">
                                                 
                                               </testcase>
                     <system-out><![CDATA[]]></system-out>
                     <system-err><![CDATA[]]></system-err>
                   </testsuite>